Wed Feb  7 06:10:37 EST 2001
Password: 
1>    
2> use mgd_release
1> 
2> checkpoint
1> 
2> select symbol, substring(symbol, 3, char_length(symbol) - 3), substring(symbol, 3, char_length(symbol) - 3) + "<+>"
3> from ALL_Allele
4> where symbol like '+<%'
 symbol                                            
	                                                   
	                                                       
 -------------------------------------------------- 
	-------------------------------------------------- 
	----------------------------------------------------- 
 +<Ada>                                            
	 Ada                                               
	 Ada<+>                                                
 +<Alx4>                                           
	 Alx4                                              
	 Alx4<+>                                               
 +<Apob>                                           
	 Apob                                              
	 Apob<+>                                               
 +<Apoc1>                                          
	 Apoc1                                             
	 Apoc1<+>                                              
 +<Arnt>                                           
	 Arnt                                              
	 Arnt<+>                                               
 +<Ascl1>                                          
	 Ascl1                                             
	 Ascl1<+>                                              
 +<Bmi1>                                           
	 Bmi1                                              
	 Bmi1<+>                                               
 +<Bmp4>                                           
	 Bmp4                                              
	 Bmp4<+>                                               
 +<Braf>                                           
	 Braf                                              
	 Braf<+>                                               
 +<Cbfb>                                           
	 Cbfb                                              
	 Cbfb<+>                                               
 +<Cbx2>                                           
	 Cbx2                                              
	 Cbx2<+>                                               
 +<Cdh11>                                          
	 Cdh11                                             
	 Cdh11<+>                                              
 +<Cdh5>                                           
	 Cdh5                                              
	 Cdh5<+>                                               
 +<Cfc1>                                           
	 Cfc1                                              
	 Cfc1<+>                                               
 +<Crabp1>                                         
	 Crabp1                                            
	 Crabp1<+>                                             
 +<Crabp2>                                         
	 Crabp2                                            
	 Crabp2<+>                                             
 +<Dbf>                                            
	 Dbf                                               
	 Dbf<+>                                                
 +<Dh>                                             
	 Dh                                                
	 Dh<+>                                                 
 +<Dlx5>                                           
	 Dlx5                                              
	 Dlx5<+>                                               
 +<Dnmt>                                           
	 Dnmt                                              
	 Dnmt<+>                                               
 +<Ednra>                                          
	 Ednra                                             
	 Ednra<+>                                              
 +<Edr1>                                           
	 Edr1                                              
	 Edr1<+>                                               
 +<Egr2>                                           
	 Egr2                                              
	 Egr2<+>                                               
 +<En1>                                            
	 En1                                               
	 En1<+>                                                
 +<Epha4>                                          
	 Epha4                                             
	 Epha4<+>                                              
 +<Epor>                                           
	 Epor                                              
	 Epor<+>                                               
 +<Erbb2>                                          
	 Erbb2                                             
	 Erbb2<+>                                              
 +<Erbb3>                                          
	 Erbb3                                             
	 Erbb3<+>                                              
 +<Esrrb>                                          
	 Esrrb                                             
	 Esrrb<+>                                              
 +<Fgf6>                                           
	 Fgf6                                              
	 Fgf6<+>                                               
 +<Flt1>                                           
	 Flt1                                              
	 Flt1<+>                                               
 +<Fmn>                                            
	 Fmn                                               
	 Fmn<+>                                                
 +<Foxa2>                                          
	 Foxa2                                             
	 Foxa2<+>                                              
 +<Foxc1>                                          
	 Foxc1                                             
	 Foxc1<+>                                              
 +<Foxc2>                                          
	 Foxc2                                             
	 Foxc2<+>                                              
 +<Foxf1a>                                         
	 Foxf1a                                            
	 Foxf1a<+>                                             
 +<Gja7>                                           
	 Gja7                                              
	 Gja7<+>                                               
 +<Gli2>                                           
	 Gli2                                              
	 Gli2<+>                                               
 +<Gli3>                                           
	 Gli3                                              
	 Gli3<+>                                               
 +<Gsc>                                            
	 Gsc                                               
	 Gsc<+>                                                
 +<H19>                                            
	 H19                                               
	 H19<+>                                                
 +<Hif1a>                                          
	 Hif1a                                             
	 Hif1a<+>                                              
 +<Hmx3>                                           
	 Hmx3                                              
	 Hmx3<+>                                               
 +<Hoxa1>                                          
	 Hoxa1                                             
	 Hoxa1<+>                                              
 +<Hoxa13>                                         
	 Hoxa13                                            
	 Hoxa13<+>                                             
 +<Hoxa2>                                          
	 Hoxa2                                             
	 Hoxa2<+>                                              
 +<Hoxa3>                                          
	 Hoxa3                                             
	 Hoxa3<+>                                              
 +<Hoxa4>                                          
	 Hoxa4                                             
	 Hoxa4<+>                                              
 +<Hoxb>                                           
	 Hoxb                                              
	 Hoxb<+>                                               
 +<Hoxb1>                                          
	 Hoxb1                                             
	 Hoxb1<+>                                              
 +<Hoxc4>                                          
	 Hoxc4                                             
	 Hoxc4<+>                                              
 +<Hoxd>                                           
	 Hoxd                                              
	 Hoxd<+>                                               
 +<Hoxd3>                                          
	 Hoxd3                                             
	 Hoxd3<+>                                              
 +<Hus1>                                           
	 Hus1                                              
	 Hus1<+>                                               
 +<Il7>                                            
	 Il7                                               
	 Il7<+>                                                
 +<Kdr>                                            
	 Kdr                                               
	 Kdr<+>                                                
 +<Kit>                                            
	 Kit                                               
	 Kit<+>                                                
 +<Kitl>                                           
	 Kitl                                              
	 Kitl<+>                                               
 +<Klf1>                                           
	 Klf1                                              
	 Klf1<+>                                               
 +<Kras2>                                          
	 Kras2                                             
	 Kras2<+>                                              
 +<Lhx1>                                           
	 Lhx1                                              
	 Lhx1<+>                                               
 +<Lp>                                             
	 Lp                                                
	 Lp<+>                                                 
 +<Madh3>                                          
	 Madh3                                             
	 Madh3<+>                                              
 +<Madh4>                                          
	 Madh4                                             
	 Madh4<+>                                              
 +<Mafb>                                           
	 Mafb                                              
	 Mafb<+>                                               
 +<Mef2c>                                          
	 Mef2c                                             
	 Mef2c<+>                                              
 +<Mgat1>                                          
	 Mgat1                                             
	 Mgat1<+>                                              
 +<Myf5>                                           
	 Myf5                                              
	 Myf5<+>                                               
 +<Myf6>                                           
	 Myf6                                              
	 Myf6<+>                                               
 +<Myog>                                           
	 Myog                                              
	 Myog<+>                                               
 +<Nf1>                                            
	 Nf1                                               
	 Nf1<+>                                                
 +<Ngfb>                                           
	 Ngfb                                              
	 Ngfb<+>                                               
 +<Nmyc1>                                          
	 Nmyc1                                             
	 Nmyc1<+>                                              
 +<Notch1>                                         
	 Notch1                                            
	 Notch1<+>                                             
 +<Notch2>                                         
	 Notch2                                            
	 Notch2<+>                                             
 +<Os>                                             
	 Os                                                
	 Os<+>                                                 
 +<oto>                                            
	 oto                                               
	 oto<+>                                                
 +<Otx2>                                           
	 Otx2                                              
	 Otx2<+>                                               
 +<Pax2>                                           
	 Pax2                                              
	 Pax2<+>                                               
 +<Pax3>                                           
	 Pax3                                              
	 Pax3<+>                                               
 +<Pax6>                                           
	 Pax6                                              
	 Pax6<+>                                               
 +<Pax9>                                           
	 Pax9                                              
	 Pax9<+>                                               
 +<Pcsk3>                                          
	 Pcsk3                                             
	 Pcsk3<+>                                              
 +<Ph>                                             
	 Ph                                                
	 Ph<+>                                                 
 +<Pitx1>                                          
	 Pitx1                                             
	 Pitx1<+>                                              
 +<Pitx2>                                          
	 Pitx2                                             
	 Pitx2<+>                                              
 +<Pmx2b>                                          
	 Pmx2b                                             
	 Pmx2b<+>                                              
 +<Pou4f3>                                         
	 Pou4f3                                            
	 Pou4f3<+>                                             
 +<Prrx1>                                          
	 Prrx1                                             
	 Prrx1<+>                                              
 +<Prrx2>                                          
	 Prrx2                                             
	 Prrx2<+>                                              
 +<Psen1>                                          
	 Psen1                                             
	 Psen1<+>                                              
 +<Rasa>                                           
	 Rasa                                              
	 Rasa<+>                                               
 +<Rb1>                                            
	 Rb1                                               
	 Rb1<+>                                                
 +<Rbl2>                                           
	 Rbl2                                              
	 Rbl2<+>                                               
 +<Rbpsuh>                                         
	 Rbpsuh                                            
	 Rbpsuh<+>                                             
 +<Runx1>                                          
	 Runx1                                             
	 Runx1<+>                                              
 +<Rxra>                                           
	 Rxra                                              
	 Rxra<+>                                               
 +<Sd>                                             
	 Sd                                                
	 Sd<+>                                                 
 +<Syk>                                            
	 Syk                                               
	 Syk<+>                                                
 +<T(7;15)9H>                                      
	 T(7;15)9H                                         
	 T(7;15)9H<+>                                          
 +<T>                                              
	 T                                                 
	 T<+>                                                  
 +<t>                                              
	 t                                                 
	 t<+>                                                  
 +<Tal1>                                           
	 Tal1                                              
	 Tal1<+>                                               
 +<Tcf2>                                           
	 Tcf2                                              
	 Tcf2<+>                                               
 +<TgN737Rpw>                                      
	 TgN737Rpw                                         
	 TgN737Rpw<+>                                          
 +<Trp53>                                          
	 Trp53                                             
	 Trp53<+>                                              
 +<Vegf>                                           
	 Vegf                                              
	 Vegf<+>                                               
 +<Wnt1>                                           
	 Wnt1                                              
	 Wnt1<+>                                               
 +<Wnt3a>                                          
	 Wnt3a                                             
	 Wnt3a<+>                                              
 +<Wnt5a>                                          
	 Wnt5a                                             
	 Wnt5a<+>                                              
 +<Zfp144>                                         
	 Zfp144                                            
	 Zfp144<+>                                             
 +<Zfpm1>                                          
	 Zfpm1                                             
	 Zfpm1<+>                                              
 +<Zfx1a>                                          
	 Zfx1a                                             
	 Zfx1a<+>                                              

(113 rows affected)
1> 
2> update ALL_Allele
3> set symbol = substring(symbol, 3, char_length(symbol) - 3) + "<+>"
4> where symbol like '+<%'
(113 rows affected)
1> 
2> checkpoint
Wed Feb  7 06:10:40 EST 2001
