Mon Jun  1 21:03:42 EDT 1998
PixelDB instance: /home/rpp/public_html/myPixDB
Loading data to server: MGD_DEV, database: mgd_new
Date: Mon Jun 1 21:03:42 EDT 1998
1> use master
1> sp_dboption mgd_new, "select into", true
Database option 'select into/bulkcopy' turned ON for database 'mgd_new'.
Run the CHECKPOINT command in the database that was changed.
(return status = 0)
1> use mgd_new
1> checkpoint
GXD_AntibodyClass
1> 		delete from GXD_AntibodyClass
(0 rows affected)
bcp mgd_new..GXD_AntibodyClass in GXD_AntibodyClass.bcp -c -t '|' -e GXD_AntibodyClass.bcp.error -S MGD_DEV -U mgd_dbo
Password: 

Starting copy...

8 rows copied.
Clock Time (ms.): total = 1      Avg = 0      (8000.00 rows per sec.)
GXD_AntibodyType
1> 		delete from GXD_AntibodyType
(0 rows affected)
bcp mgd_new..GXD_AntibodyType in GXD_AntibodyType.bcp -c -t '|' -e GXD_AntibodyType.bcp.error -S MGD_DEV -U mgd_dbo
Password: 

Starting copy...

4 rows copied.
Clock Time (ms.): total = 1      Avg = 0      (4000.00 rows per sec.)
GXD_AssayType
1> 		delete from GXD_AssayType
(0 rows affected)
bcp mgd_new..GXD_AssayType in GXD_AssayType.bcp -c -t '|' -e GXD_AssayType.bcp.error -S MGD_DEV -U mgd_dbo
Password: 

Starting copy...

10 rows copied.
Clock Time (ms.): total = 1      Avg = 0      (10000.00 rows per sec.)
GXD_EmbeddingMethod
1> 		delete from GXD_EmbeddingMethod
(0 rows affected)
bcp mgd_new..GXD_EmbeddingMethod in GXD_EmbeddingMethod.bcp -c -t '|' -e GXD_EmbeddingMethod.bcp.error -S MGD_DEV -U mgd_dbo
Password: 

Starting copy...

6 rows copied.
Clock Time (ms.): total = 1      Avg = 0      (6000.00 rows per sec.)
GXD_FixationMethod
1> 		delete from GXD_FixationMethod
(0 rows affected)
bcp mgd_new..GXD_FixationMethod in GXD_FixationMethod.bcp -c -t '|' -e GXD_FixationMethod.bcp.error -S MGD_DEV -U mgd_dbo
Password: 

Starting copy...

10 rows copied.
Clock Time (ms.): total = 1      Avg = 0      (10000.00 rows per sec.)
GXD_GelRNAType
1> 		delete from GXD_GelRNAType
(0 rows affected)
bcp mgd_new..GXD_GelRNAType in GXD_GelRNAType.bcp -c -t '|' -e GXD_GelRNAType.bcp.error -S MGD_DEV -U mgd_dbo
Password: 

Starting copy...

4 rows copied.
Clock Time (ms.): total = 1      Avg = 0      (4000.00 rows per sec.)
GXD_GelUnits
1> 		delete from GXD_GelUnits
(0 rows affected)
bcp mgd_new..GXD_GelUnits in GXD_GelUnits.bcp -c -t '|' -e GXD_GelUnits.bcp.error -S MGD_DEV -U mgd_dbo
Password: 

Starting copy...

7 rows copied.
Clock Time (ms.): total = 1      Avg = 0      (7000.00 rows per sec.)
GXD_Label
1> 		delete from GXD_Label
(0 rows affected)
bcp mgd_new..GXD_Label in GXD_Label.bcp -c -t '|' -e GXD_Label.bcp.error -S MGD_DEV -U mgd_dbo
Password: 

Starting copy...

21 rows copied.
Clock Time (ms.): total = 1      Avg = 0      (21000.00 rows per sec.)
GXD_LabelCoverage
1> 		delete from GXD_LabelCoverage
(0 rows affected)
bcp mgd_new..GXD_LabelCoverage in GXD_LabelCoverage.bcp -c -t '|' -e GXD_LabelCoverage.bcp.error -S MGD_DEV -U mgd_dbo
Password: 

Starting copy...

5 rows copied.
Clock Time (ms.): total = 1      Avg = 0      (5000.00 rows per sec.)
GXD_Pattern
1> 		delete from GXD_Pattern
(0 rows affected)
bcp mgd_new..GXD_Pattern in GXD_Pattern.bcp -c -t '|' -e GXD_Pattern.bcp.error -S MGD_DEV -U mgd_dbo
Password: 

Starting copy...

7 rows copied.
Clock Time (ms.): total = 1      Avg = 0      (7000.00 rows per sec.)
GXD_ProbeSense
1> 		delete from GXD_ProbeSense
(0 rows affected)
bcp mgd_new..GXD_ProbeSense in GXD_ProbeSense.bcp -c -t '|' -e GXD_ProbeSense.bcp.error -S MGD_DEV -U mgd_dbo
Password: 

Starting copy...

5 rows copied.
Clock Time (ms.): total = 1      Avg = 0      (5000.00 rows per sec.)
GXD_Secondary
1> 		delete from GXD_Secondary
(0 rows affected)
bcp mgd_new..GXD_Secondary in GXD_Secondary.bcp -c -t '|' -e GXD_Secondary.bcp.error -S MGD_DEV -U mgd_dbo
Password: 

Starting copy...

4 rows copied.
Clock Time (ms.): total = 1      Avg = 0      (4000.00 rows per sec.)
GXD_Strength
1> 		delete from GXD_Strength
(0 rows affected)
bcp mgd_new..GXD_Strength in GXD_Strength.bcp -c -t '|' -e GXD_Strength.bcp.error -S MGD_DEV -U mgd_dbo
Password: 

Starting copy...

10 rows copied.
Clock Time (ms.): total = 1      Avg = 0      (10000.00 rows per sec.)
GXD_TheilerStage
1> 		delete from GXD_TheilerStage
bcp mgd_new..GXD_TheilerStage in GXD_TheilerStage.bcp -c -t '|' -e GXD_TheilerStage.bcp.error -S MGD_DEV -U mgd_dbo
Password: 

Starting copy...

28 rows copied.
Clock Time (ms.): total = 1      Avg = 0      (28000.00 rows per sec.)
GXD_VisualizationMethod
1> 		delete from GXD_VisualizationMethod
(0 rows affected)
bcp mgd_new..GXD_VisualizationMethod in GXD_VisualizationMethod.bcp -c -t '|' -e GXD_VisualizationMethod.bcp.error -S MGD_DEV -U mgd_dbo
Password: 

Starting copy...

12 rows copied.
Clock Time (ms.): total = 1      Avg = 0      (12000.00 rows per sec.)
IMG_FieldType
1> 		delete from IMG_FieldType
(0 rows affected)
bcp mgd_new..IMG_FieldType in IMG_FieldType.bcp -c -t '|' -e IMG_FieldType.bcp.error -S MGD_DEV -U mgd_dbo
Password: 

Starting copy...

7 rows copied.
Clock Time (ms.): total = 1      Avg = 0      (7000.00 rows per sec.)
1> declare @maxkey int
2> select @maxkey = (select max(_MGIType_key) from ACC_MGIType holdlock)
3> if 5 = @maxkey
4> BEGIN
5> 	insert ACC_MGIType (_MGIType_key, name, tableName, primaryKeyName) values (
6> 	@maxkey + 1, "Antibody", "GXD_Antibody", "_Antibody_key"
7> 	)
8> 	insert ACC_MGIType (_MGIType_key, name, tableName, primaryKeyName) values (
9> 	@maxkey + 2, "Antigen", "GXD_Antigen", "_Antigen_key"
10> 	)
11> 	insert ACC_MGIType (_MGIType_key, name, tableName, primaryKeyName) values (
12> 	@maxkey + 3, "Assay", "GXD_Assay", "_Assay_key"
13> 	)
14> 	insert ACC_MGIType (_MGIType_key, name, tableName, primaryKeyName) values (
15> 	@maxkey + 4, "Image", "IMG_Image", "_Image_key"
16> 	)
17> END
18> else
19> 	print "MGI Types appear to be loaded already"
(1 row affected)
(1 row affected)
(1 row affected)
(1 row affected)
(1 row affected)
1> 
2> declare @ldName varchar(30), @adName varchar(30)
3> select @ldName = 'MGI Image Archive'
4> select @adName = 'MGI Image'
5> if not exists (select 1 from ACC_LogicalDB where name = @ldName)
6> BEGIN
7> 	declare @ldKey int, @adKey int
8> 	select @ldKey = ( select max(_LogicalDB_key) 
9> 		from ACC_LogicalDB holdlock) + 1
10> 
11> 	insert ACC_LogicalDB (_LogicalDB_key, name) values ( @ldKey, @ldName )
12> 
13> 	select @adKey = (select max(_ActualDB_key) 
14> 		from ACC_ActualDB holdlock) + 1
15> 
16> 	insert ACC_ActualDB (_ActualDB_key, _LogicalDB_key, name, url, active) 
17> 	values ( @adKey, @ldKey, @adName,
18> 	"http://pix.informatics.jax.org/~pixie/PixelDB/public/fetch_pixels.cgi?id=@@@@", 
19> 	1 )
20> END
21> else
22> 	print "Logical DB record for MGI Image Archive already exits"
(1 row affected)
(1 row affected)
(0 rows affected)
(1 row affected)
(1 row affected)
(1 row affected)
(1 row affected)
1> 
2> use master
1> sp_dboption mgd_new, "select into", false
Database option 'select into/bulkcopy' turned OFF for database 'mgd_new'.
Run the CHECKPOINT command in the database that was changed.
(return status = 0)
1> use mgd_new
1> checkpoint
Mon Jun  1 21:56:33 EDT 1998
