Mon Oct 16 11:44:01 EDT 2000
Password: 
1>    
2> use mgd
1> 
2> checkpoint
1> 
2> sp_rename ALL_Molecular_Note, ALL_Molecular_Note_Save
Object name has been changed.
(return status = 0) 
1> 
2> create table ALL_Molecular_Note (
3>         _Allele_key int not null,
4>         sequenceNum int not null,
5>         note char ( 255 ) not null,
6>         creation_date datetime not null,
7>         modification_date datetime not null 
8> )
9> on mgd_seg_0 
1> 
2> insert ALL_Molecular_Note
3> select * from ALL_Molecular_Note_Save
(50 rows affected)
1> 
2> /* defaults */
3> 
4> exec sp_bindefault current_date_default, "ALL_Molecular_Note.creation_date"
Default bound to column.
(return status = 0) 
1> 
2> exec sp_bindefault current_date_default, "ALL_Molecular_Note.modification_date"
Default bound to column.
(return status = 0) 
1> 
2> /* keys */
3> 
4> sp_primarykey ALL_Molecular_Note, _Allele_key, sequenceNum
New primary key added.
(return status = 0) 
1> 
2> /* indexes */
3> 
4> create unique clustered  index _Allele_sequence_key_index 
5> on ALL_Molecular_Note ( _Allele_key, sequenceNum ) on mgd_seg_0
1> 
2> create nonclustered  index _Allele_key_index 
3> on ALL_Molecular_Note ( _Allele_key ) on mgd_seg_1
1> 
2> create nonclustered  index note_index
3> on ALL_Molecular_Note ( note ) on mgd_seg_1
1> 
2> create nonclustered  index modification_date_index
3> on ALL_Molecular_Note ( modification_date ) on mgd_seg_1
1> 
2> drop table ALL_Molecular_Note_Save
1> 
2> checkpoint
1> 
2> grant all on ALL_Molecular_Note to editors
1> 
2> grant select on ALL_Molecular_Note to public
1> 
2> grant all on ALL_Molecular_Note to progs
Password: 
1>    
2> use mgd
1> 
2> checkpoint
1> 
2> sp_rename ALL_Note, ALL_Note_Save
Object name has been changed.
(return status = 0) 
1> 
2> create table ALL_Note (
3>         _Allele_key int not null,
4>         sequenceNum int not null,
5>         note char ( 255 ) not null,
6>         creation_date datetime not null,
7>         modification_date datetime not null 
8> )
9> on mgd_seg_0 
1> 
2> insert ALL_Note
3> select * from ALL_Note_Save
(539 rows affected)
1> 
2> /* defaults */
3> 
4> exec sp_bindefault current_date_default, "ALL_Note.creation_date"
Default bound to column.
(return status = 0) 
1> 
2> exec sp_bindefault current_date_default, "ALL_Note.modification_date"
Default bound to column.
(return status = 0) 
1> 
2> /* keys */
3> 
4> sp_primarykey ALL_Note, _Allele_key, sequenceNum
New primary key added.
(return status = 0) 
1> 
2> /* indexes */
3> 
4> create unique clustered  index _Allele_sequence_key_index 
5> on ALL_Note ( _Allele_key, sequenceNum ) on mgd_seg_0
1> 
2> create nonclustered  index _Allele_key_index 
3> on ALL_Note ( _Allele_key ) on mgd_seg_1
1> 
2> create nonclustered  index note_index
3> on ALL_Note ( note ) on mgd_seg_1
1> 
2> create nonclustered  index modification_date_index
3> on ALL_Note ( modification_date ) on mgd_seg_1
1> 
2> drop table ALL_Note_Save
1> 
2> checkpoint
1> 
2> grant all on ALL_Note to editors
1> 
2> grant select on ALL_Note to public
1> 
2> grant all on ALL_Note to progs
Password: 
1>    
2> use mgd
1> 
2> checkpoint
1> 
2> sp_rename BIB_Notes, BIB_Notes_Save
Object name has been changed.
(return status = 0) 
1> 
2> create table BIB_Notes (
3>         _Refs_key int not null,
4>         sequenceNum int not null,
5>         note char ( 255 ) not null,
6>         creation_date datetime not null,
7>         modification_date datetime not null 
8> )
9> on mgd_seg_0 
1> 
2> insert BIB_Notes
3> select * from BIB_Notes_Save
(7880 rows affected)
1> 
2> /* defaults */
3> 
4> exec sp_bindefault current_date_default, "BIB_Notes.creation_date"
Default bound to column.
(return status = 0) 
1> 
2> exec sp_bindefault current_date_default, "BIB_Notes.modification_date"
Default bound to column.
(return status = 0) 
1> 
2> /* keys */
3> 
4> sp_primarykey BIB_Notes, _Refs_key, sequenceNum
New primary key added.
(return status = 0) 
1> 
2> /* indexes */
3> 
4> create unique clustered  index _Refs_sequence_key_index 
5> on BIB_Notes ( _Refs_key, sequenceNum ) on mgd_seg_0
1> 
2> create nonclustered  index _Refs_key_index 
3> on BIB_Notes ( _Refs_key ) on mgd_seg_1
1> 
2> create nonclustered  index note_index
3> on BIB_Notes ( note ) on mgd_seg_1
1> 
2> create nonclustered  index modification_date_index
3> on BIB_Notes ( modification_date ) on mgd_seg_1
1> 
2> drop table BIB_Notes_Save
1> 
2> checkpoint
1> 
2> grant all on BIB_Notes to editors
1> 
2> grant select on BIB_Notes to public
1> 
2> grant all on BIB_Notes to progs
Password: 
1>    
2> use mgd
1> 
2> checkpoint
1> 
2> sp_rename GXD_AssayNote, GXD_AssayNote_Save
Object name has been changed.
(return status = 0) 
1> 
2> create table GXD_AssayNote (
3>         _Assay_key int not null,
4>         sequenceNum int not null,
5>         assayNote char ( 255 ) not null,
6>         creation_date datetime not null,
7>         modification_date datetime not null 
8> )
9> on mgd_seg_0 
1> 
2> insert GXD_AssayNote
3> select * from GXD_AssayNote_Save
(1720 rows affected)
1> 
2> /* defaults */
3> 
4> exec sp_bindefault current_date_default, "GXD_AssayNote.creation_date"
Default bound to column.
(return status = 0) 
1> 
2> exec sp_bindefault current_date_default, "GXD_AssayNote.modification_date"
Default bound to column.
(return status = 0) 
1> 
2> /* keys */
3> 
4> sp_primarykey GXD_AssayNote, _Assay_key, sequenceNum
New primary key added.
(return status = 0) 
1> 
2> /* indexes */
3> 
4> create unique clustered  index _Assay_sequence_key_index 
5> on GXD_AssayNote ( _Assay_key, sequenceNum ) on mgd_seg_0
1> 
2> create nonclustered  index _Assay_key_index 
3> on GXD_AssayNote ( _Assay_key ) on mgd_seg_1
1> 
2> create nonclustered  index assayNote_index
3> on GXD_AssayNote ( assayNote ) on mgd_seg_1
1> 
2> create nonclustered  index modification_date_index
3> on GXD_AssayNote ( modification_date ) on mgd_seg_1
1> 
2> drop table GXD_AssayNote_Save
1> 
2> checkpoint
1> 
2> grant all on GXD_AssayNote to editors
1> 
2> grant select on GXD_AssayNote to public
1> 
2> grant all on GXD_AssayNote to progs
Password: 
1>    
2> use mgd
1> 
2> checkpoint
1> 
2> sp_rename HMD_Notes, HMD_Notes_Save
Object name has been changed.
(return status = 0) 
1> 
2> create table HMD_Notes (
3>         _Homology_key int not null,
4>         sequenceNum int not null,
5>         notes char ( 255 ) not null,
6>         creation_date datetime not null,
7>         modification_date datetime not null 
8> )
9> on mgd_seg_0 
1> 
2> insert HMD_Notes
3> select * from HMD_Notes_Save
(119 rows affected)
1> 
2> /* defaults */
3> 
4> exec sp_bindefault current_date_default, "HMD_Notes.creation_date"
Default bound to column.
(return status = 0) 
1> 
2> exec sp_bindefault current_date_default, "HMD_Notes.modification_date"
Default bound to column.
(return status = 0) 
1> 
2> /* keys */
3> 
4> sp_primarykey HMD_Notes, _Homology_key, sequenceNum
New primary key added.
(return status = 0) 
1> 
2> /* indexes */
3> 
4> create unique clustered  index _Homology_sequence_key_index 
5> on HMD_Notes ( _Homology_key, sequenceNum ) on mgd_seg_0
1> 
2> create nonclustered  index _Homology_key_index 
3> on HMD_Notes ( _Homology_key ) on mgd_seg_1
1> 
2> create nonclustered  index notes_index
3> on HMD_Notes ( notes ) on mgd_seg_1
1> 
2> create nonclustered  index modification_date_index
3> on HMD_Notes ( modification_date ) on mgd_seg_1
1> 
2> drop table HMD_Notes_Save
1> 
2> checkpoint
1> 
2> grant all on HMD_Notes to editors
1> 
2> grant select on HMD_Notes to public
1> 
2> grant all on HMD_Notes to progs
Password: 
1>    
2> use mgd
1> 
2> checkpoint
1> 
2> sp_rename IMG_ImageNote, IMG_ImageNote_Save
Object name has been changed.
(return status = 0) 
1> 
2> create table IMG_ImageNote (
3>         _Image_key int not null,
4>         sequenceNum int not null,
5>         imageNote char ( 255 ) not null,
6>         creation_date datetime not null,
7>         modification_date datetime not null 
8> )
9> on mgd_seg_0 
1> 
2> insert IMG_ImageNote
3> select * from IMG_ImageNote_Save
(2279 rows affected)
1> 
2> /* defaults */
3> 
4> exec sp_bindefault current_date_default, "IMG_ImageNote.creation_date"
Default bound to column.
(return status = 0) 
1> 
2> exec sp_bindefault current_date_default, "IMG_ImageNote.modification_date"
Default bound to column.
(return status = 0) 
1> 
2> /* keys */
3> 
4> sp_primarykey IMG_ImageNote, _Image_key, sequenceNum
New primary key added.
(return status = 0) 
1> 
2> /* indexes */
3> 
4> create unique clustered  index _Image_sequence_key_index 
5> on IMG_ImageNote ( _Image_key, sequenceNum ) on mgd_seg_0
1> 
2> create nonclustered  index _Image_key_index 
3> on IMG_ImageNote ( _Image_key ) on mgd_seg_1
1> 
2> create nonclustered  index imageNote_index
3> on IMG_ImageNote ( imageNote ) on mgd_seg_1
1> 
2> create nonclustered  index modification_date_index
3> on IMG_ImageNote ( modification_date ) on mgd_seg_1
1> 
2> drop table IMG_ImageNote_Save
1> 
2> checkpoint
1> 
2> grant all on IMG_ImageNote to editors
1> 
2> grant select on IMG_ImageNote to public
1> 
2> grant all on IMG_ImageNote to progs
Password: 
1>    
2> use mgd
1> 
2> checkpoint
1> 
2> sp_rename MLD_Expt_Notes, MLD_Expt_Notes_Save
Object name has been changed.
(return status = 0) 
1> 
2> create table MLD_Expt_Notes (
3>         _Expt_key int not null,
4>         sequenceNum int not null,
5>         note char ( 255 ) not null,
6>         creation_date datetime not null,
7>         modification_date datetime not null 
8> )
9> on mgd_seg_0 
1> 
2> insert MLD_Expt_Notes
3> select * from MLD_Expt_Notes_Save
(10826 rows affected)
1> 
2> /* defaults */
3> 
4> exec sp_bindefault current_date_default, "MLD_Expt_Notes.creation_date"
Default bound to column.
(return status = 0) 
1> 
2> exec sp_bindefault current_date_default, "MLD_Expt_Notes.modification_date"
Default bound to column.
(return status = 0) 
1> 
2> /* keys */
3> 
4> sp_primarykey MLD_Expt_Notes, _Expt_key, sequenceNum
New primary key added.
(return status = 0) 
1> 
2> /* indexes */
3> 
4> create unique clustered  index _Expt_sequence_key_index 
5> on MLD_Expt_Notes ( _Expt_key, sequenceNum ) on mgd_seg_0
1> 
2> create nonclustered  index _Expt_key_index 
3> on MLD_Expt_Notes ( _Expt_key ) on mgd_seg_1
1> 
2> create nonclustered  index note_index
3> on MLD_Expt_Notes ( note ) on mgd_seg_1
1> 
2> create nonclustered  index modification_date_index
3> on MLD_Expt_Notes ( modification_date ) on mgd_seg_1
1> 
2> drop table MLD_Expt_Notes_Save
1> 
2> checkpoint
1> 
2> grant all on MLD_Expt_Notes to editors
1> 
2> grant select on MLD_Expt_Notes to public
1> 
2> grant all on MLD_Expt_Notes to progs
Password: 
1>    
2> use mgd
1> 
2> checkpoint
1> 
2> sp_rename MLD_Notes, MLD_Notes_Save
Object name has been changed.
(return status = 0) 
1> 
2> create table MLD_Notes (
3>         _Refs_key int not null,
4>         sequenceNum int not null,
5>         note char ( 255 ) not null,
6>         creation_date datetime not null,
7>         modification_date datetime not null 
8> )
9> on mgd_seg_0 
1> 
2> insert MLD_Notes
3> select * from MLD_Notes_Save
(1676 rows affected)
1> 
2> /* defaults */
3> 
4> exec sp_bindefault current_date_default, "MLD_Notes.creation_date"
Default bound to column.
(return status = 0) 
1> 
2> exec sp_bindefault current_date_default, "MLD_Notes.modification_date"
Default bound to column.
(return status = 0) 
1> 
2> /* keys */
3> 
4> sp_primarykey MLD_Notes, _Refs_key, sequenceNum
New primary key added.
(return status = 0) 
1> 
2> /* indexes */
3> 
4> create unique clustered  index _Refs_sequence_key_index 
5> on MLD_Notes ( _Refs_key, sequenceNum ) on mgd_seg_0
1> 
2> create nonclustered  index _Refs_key_index 
3> on MLD_Notes ( _Refs_key ) on mgd_seg_1
1> 
2> create nonclustered  index note_index
3> on MLD_Notes ( note ) on mgd_seg_1
1> 
2> create nonclustered  index modification_date_index
3> on MLD_Notes ( modification_date ) on mgd_seg_1
1> 
2> drop table MLD_Notes_Save
1> 
2> checkpoint
1> 
2> grant all on MLD_Notes to editors
1> 
2> grant select on MLD_Notes to public
1> 
2> grant all on MLD_Notes to progs
Password: 
1>    
2> use mgd
1> 
2> checkpoint
1> 
2> sp_rename MRK_Notes, MRK_Notes_Save
Object name has been changed.
(return status = 0) 
1> 
2> create table MRK_Notes (
3>         _Marker_key int not null,
4>         sequenceNum int not null,
5>         note char ( 255 ) not null,
6>         creation_date datetime not null,
7>         modification_date datetime not null 
8> )
9> on mgd_seg_0 
1> 
2> insert MRK_Notes
3> select * from MRK_Notes_Save
(921 rows affected)
1> 
2> /* defaults */
3> 
4> exec sp_bindefault current_date_default, "MRK_Notes.creation_date"
Default bound to column.
(return status = 0) 
1> 
2> exec sp_bindefault current_date_default, "MRK_Notes.modification_date"
Default bound to column.
(return status = 0) 
1> 
2> /* keys */
3> 
4> sp_primarykey MRK_Notes, _Marker_key, sequenceNum
New primary key added.
(return status = 0) 
1> 
2> /* indexes */
3> 
4> create unique clustered  index _Marker_sequence_key_index 
5> on MRK_Notes ( _Marker_key, sequenceNum ) on mgd_seg_0
1> 
2> create nonclustered  index _Marker_key_index 
3> on MRK_Notes ( _Marker_key ) on mgd_seg_1
1> 
2> create nonclustered  index note_index
3> on MRK_Notes ( note ) on mgd_seg_1
1> 
2> create nonclustered  index modification_date_index
3> on MRK_Notes ( modification_date ) on mgd_seg_1
1> 
2> drop table MRK_Notes_Save
1> 
2> checkpoint
1> 
2> grant all on MRK_Notes to editors
1> 
2> grant select on MRK_Notes to public
1> 
2> grant all on MRK_Notes to progs
Password: 
1>    
2> use mgd
1> 
2> checkpoint
1> 
2> sp_rename PRB_Notes, PRB_Notes_Save
Object name has been changed.
(return status = 0) 
1> 
2> create table PRB_Notes (
3>         _Probe_key int not null,
4>         sequenceNum int not null,
5>         note char ( 255 ) not null,
6>         creation_date datetime not null,
7>         modification_date datetime not null 
8> )
9> on mgd_seg_0 
1> 
2> insert PRB_Notes
3> select * from PRB_Notes_Save
(18532 rows affected)
1> 
2> /* defaults */
3> 
4> exec sp_bindefault current_date_default, "PRB_Notes.creation_date"
Default bound to column.
(return status = 0) 
1> 
2> exec sp_bindefault current_date_default, "PRB_Notes.modification_date"
Default bound to column.
(return status = 0) 
1> 
2> /* keys */
3> 
4> sp_primarykey PRB_Notes, _Probe_key, sequenceNum
New primary key added.
(return status = 0) 
1> 
2> /* indexes */
3> 
4> create unique clustered  index _Probe_sequence_key_index 
5> on PRB_Notes ( _Probe_key, sequenceNum ) on mgd_seg_0
1> 
2> create nonclustered  index _Probe_key_index 
3> on PRB_Notes ( _Probe_key ) on mgd_seg_1
1> 
2> create nonclustered  index note_index
3> on PRB_Notes ( note ) on mgd_seg_1
1> 
2> create nonclustered  index modification_date_index
3> on PRB_Notes ( modification_date ) on mgd_seg_1
1> 
2> drop table PRB_Notes_Save
1> 
2> checkpoint
1> 
2> grant all on PRB_Notes to editors
1> 
2> grant select on PRB_Notes to public
1> 
2> grant all on PRB_Notes to progs
Password: 
1>    
2> use mgd
1> 
2> checkpoint
1> 
2> sp_rename PRB_Ref_Notes, PRB_Ref_Notes_Save
Object name has been changed.
(return status = 0) 
1> 
2> create table PRB_Ref_Notes (
3>         _Reference_key int not null,
4>         sequenceNum int not null,
5>         note char ( 255 ) not null,
6>         creation_date datetime not null,
7>         modification_date datetime not null 
8> )
9> on mgd_seg_0 
1> 
2> insert PRB_Ref_Notes
3> select * from PRB_Ref_Notes_Save
(2260 rows affected)
1> 
2> /* defaults */
3> 
4> exec sp_bindefault current_date_default, "PRB_Ref_Notes.creation_date"
Default bound to column.
(return status = 0) 
1> 
2> exec sp_bindefault current_date_default, "PRB_Ref_Notes.modification_date"
Default bound to column.
(return status = 0) 
1> 
2> /* keys */
3> 
4> sp_primarykey PRB_Ref_Notes, _Reference_key, sequenceNum
New primary key added.
(return status = 0) 
1> 
2> /* indexes */
3> 
4> create unique clustered  index _Reference_sequence_key_index 
5> on PRB_Ref_Notes ( _Reference_key, sequenceNum ) on mgd_seg_0
1> 
2> create nonclustered  index _Reference_key_index 
3> on PRB_Ref_Notes ( _Reference_key ) on mgd_seg_1
1> 
2> create nonclustered  index note_index
3> on PRB_Ref_Notes ( note ) on mgd_seg_1
1> 
2> create nonclustered  index modification_date_index
3> on PRB_Ref_Notes ( modification_date ) on mgd_seg_1
1> 
2> drop table PRB_Ref_Notes_Save
1> 
2> checkpoint
1> 
2> grant all on PRB_Ref_Notes to editors
1> 
2> grant select on PRB_Ref_Notes to public
1> 
2> grant all on PRB_Ref_Notes to progs
Password: 
1> 
2> use mgd
1> 
2> sp_foreignkey ALL_Molecular_Note, ALL_Allele, _Allele_key
New foreign key added.
(return status = 0) 
1> 
2> sp_foreignkey ALL_Note, ALL_Allele, _Allele_key
New foreign key added.
(return status = 0) 
1> 
2> sp_foreignkey BIB_Notes, BIB_Refs, _Refs_key
New foreign key added.
(return status = 0) 
1> 
2> sp_foreignkey GXD_AssayNote, GXD_Assay, _Assay_key
New foreign key added.
(return status = 0) 
1> 
2> sp_foreignkey HMD_Notes, HMD_Homology, _Homology_key
New foreign key added.
(return status = 0) 
1> 
2> sp_foreignkey IMG_ImageNote, IMG_Image, _Image_key
New foreign key added.
(return status = 0) 
1> 
2> sp_foreignkey MLD_Expt_Notes, MLD_Expts, _Expt_key
New foreign key added.
(return status = 0) 
1> 
2> sp_foreignkey MLD_Notes, BIB_Refs, _Refs_key
New foreign key added.
(return status = 0) 
1> 
2> sp_foreignkey MRK_Notes, MRK_Marker, _Marker_key
New foreign key added.
(return status = 0) 
1> 
2> sp_foreignkey PRB_Notes, PRB_Probe, _Probe_key
New foreign key added.
(return status = 0) 
1> 
2> sp_foreignkey PRB_Ref_Notes, PRB_Reference, _Reference_key
New foreign key added.
(return status = 0) 
Mon Oct 16 11:44:59 EDT 2000
