Mon Oct 16 11:45:03 EDT 2000
Password: 
1>    
2> use nomen
1> 
2> checkpoint
1> 
2> declare nomen_cursor cursor for
3> select _Nomen_key, mgiAccID
4> from MRK_Nomen
5> where mgiAccID is not null
6> for read only
1> 
2> open nomen_cursor
3> 
4> declare @nomenKey integer
5> declare @accID varchar(30)
6> 
7> fetch nomen_cursor into @nomenKey, @accID
8> 
9> while (@@sqlstatus = 0)
10> begin
11> 	exec ACC_insert @nomenKey, @accID, 1, "Nomenclature"
12> 	fetch nomen_cursor into @nomenKey, @accID
13> end
14> 
15> close nomen_cursor
16> deallocate cursor nomen_cursor
(1 row affected)
(return status = 0) 
(return status = 0) 
(return status = 0) 
(return status = 0) 
(return status = 0) 
(return status = 0) 
(return status = 0) 
(return status = 0) 
(return status = 0) 
(return status = 0) 
(return status = 0) 
(return status = 0) 
(return status = 0) 
(return status = 0) 
(return status = 0) 
(return status = 0) 
(return status = 0) 
(return status = 0) 
(return status = 0) 
(return status = 0) 
(return status = 0) 
(return status = 0) 
(return status = 0) 
(return status = 0) 
(return status = 0) 
(return status = 0) 
(return status = 0) 
(return status = 0) 
(return status = 0) 
(return status = 0) 
(return status = 0) 
(return status = 0) 
(return status = 0) 
(return status = 0) 
(return status = 0) 
(return status = 0) 
(return status = 0) 
(return status = 0) 
(return status = 0) 
(return status = 0) 
(return status = 0) 
(return status = 0) 
(return status = 0) 
(return status = 0) 
(return status = 0) 
(return status = 0) 
(return status = 0) 
(return status = 0) 
(return status = 0) 
(return status = 0) 
(return status = 0) 
(return status = 0) 
(return status = 0) 
(return status = 0) 
(return status = 0) 
(return status = 0) 
(return status = 0) 
(return status = 0) 
(return status = 0) 
(return status = 0) 
(return status = 0) 
(return status = 0) 
(return status = 0) 
(return status = 0) 
(return status = 0) 
(return status = 0) 
(return status = 0) 
(return status = 0) 
(return status = 0) 
(return status = 0) 
(return status = 0) 
(return status = 0) 
(return status = 0) 
(return status = 0) 
(return status = 0) 
(return status = 0) 
(return status = 0) 
(return status = 0) 
(return status = 0) 
(return status = 0) 
(return status = 0) 
(return status = 0) 
(return status = 0) 
(return status = 0) 
(return status = 0) 
(return status = 0) 
(return status = 0) 
(return status = 0) 
(return status = 0) 
(return status = 0) 
(return status = 0) 
(return status = 0) 
(return status = 0) 
(return status = 0) 
(return status = 0) 
(return status = 0) 
(return status = 0) 
(return status = 0) 
(return status = 0) 
(return status = 0) 
(return status = 0) 
(return status = 0) 
(return status = 0) 
(return status = 0) 
(return status = 0) 
(return status = 0) 
(return status = 0) 
(return status = 0) 
(return status = 0) 
(return status = 0) 
(return status = 0) 
(return status = 0) 
(return status = 0) 
(return status = 0) 
(return status = 0) 
(return status = 0) 
(return status = 0) 
(return status = 0) 
(return status = 0) 
(return status = 0) 
(return status = 0) 
(return status = 0) 
(return status = 0) 
(return status = 0) 
(return status = 0) 
(return status = 0) 
(return status = 0) 
(return status = 0) 
(return status = 0) 
(return status = 0) 
(return status = 0) 
(return status = 0) 
(return status = 0) 
(return status = 0) 
(return status = 0) 
(return status = 0) 
(return status = 0) 
(return status = 0) 
(return status = 0) 
(return status = 0) 
(return status = 0) 
(return status = 0) 
(return status = 0) 
(return status = 0) 
(return status = 0) 
(return status = 0) 
(return status = 0) 
(return status = 0) 
(return status = 0) 
(return status = 0) 
(return status = 0) 
(return status = 0) 
(return status = 0) 
(return status = 0) 
(return status = 0) 
(return status = 0) 
(return status = 0) 
(return status = 0) 
(return status = 0) 
(return status = 0) 
(return status = 0) 
(return status = 0) 
(return status = 0) 
(return status = 0) 
(return status = 0) 
(return status = 0) 
(return status = 0) 
(return status = 0) 
(return status = 0) 
(return status = 0) 
(return status = 0) 
(return status = 0) 
(return status = 0) 
(return status = 0) 
(return status = 0) 
(return status = 0) 
(return status = 0) 
(return status = 0) 
(return status = 0) 
(return status = 0) 
(return status = 0) 
(return status = 0) 
(return status = 0) 
(return status = 0) 
(return status = 0) 
(return status = 0) 
(return status = 0) 
(return status = 0) 
(return status = 0) 
(return status = 0) 
(return status = 0) 
(return status = 0) 
(return status = 0) 
(return status = 0) 
(return status = 0) 
(return status = 0) 
(return status = 0) 
(return status = 0) 
(return status = 0) 
(return status = 0) 
(return status = 0) 
(return status = 0) 
(return status = 0) 
(return status = 0) 
(return status = 0) 
(return status = 0) 
(return status = 0) 
(return status = 0) 
(return status = 0) 
(return status = 0) 
(return status = 0) 
(return status = 0) 
(return status = 0) 
(return status = 0) 
(return status = 0) 
(return status = 0) 
(return status = 0) 
(return status = 0) 
(return status = 0) 
(return status = 0) 
(return status = 0) 
(return status = 0) 
(return status = 0) 
(return status = 0) 
(return status = 0) 
(return status = 0) 
(return status = 0) 
(return status = 0) 
(return status = 0) 
(return status = 0) 
(return status = 0) 
(return status = 0) 
(return status = 0) 
(return status = 0) 
(return status = 0) 
(return status = 0) 
(return status = 0) 
(return status = 0) 
(return status = 0) 
(return status = 0) 
(return status = 0) 
(return status = 0) 
(return status = 0) 
(return status = 0) 
(return status = 0) 
(return status = 0) 
(return status = 0) 
(return status = 0) 
(return status = 0) 
(return status = 0) 
(return status = 0) 
(return status = 0) 
(return status = 0) 
(return status = 0) 
(return status = 0) 
(return status = 0) 
(return status = 0) 
(return status = 0) 
(return status = 0) 
(return status = 0) 
(return status = 0) 
(return status = 0) 
(return status = 0) 
(return status = 0) 
(return status = 0) 
(return status = 0) 
(return status = 0) 
(return status = 0) 
(return status = 0) 
(return status = 0) 
(return status = 0) 
(return status = 0) 
(return status = 0) 
(return status = 0) 
(return status = 0) 
(return status = 0) 
(return status = 0) 
(return status = 0) 
(return status = 0) 
(return status = 0) 
(return status = 0) 
(return status = 0) 
(return status = 0) 
(return status = 0) 
(return status = 0) 
(return status = 0) 
(return status = 0) 
(return status = 0) 
(return status = 0) 
(return status = 0) 
(return status = 0) 
(return status = 0) 
(return status = 0) 
(return status = 0) 
(return status = 0) 
(return status = 0) 
(return status = 0) 
(return status = 0) 
(return status = 0) 
(return status = 0) 
(return status = 0) 
(return status = 0) 
(return status = 0) 
(return status = 0) 
(return status = 0) 
(return status = 0) 
(return status = 0) 
(return status = 0) 
(return status = 0) 
(return status = 0) 
(return status = 0) 
(return status = 0) 
(return status = 0) 
(return status = 0) 
(return status = 0) 
(return status = 0) 
(return status = 0) 
(return status = 0) 
(return status = 0) 
(return status = 0) 
(return status = 0) 
(return status = 0) 
(return status = 0) 
(return status = 0) 
(return status = 0) 
(return status = 0) 
(return status = 0) 
(return status = 0) 
(return status = 0) 
(return status = 0) 
(return status = 0) 
(return status = 0) 
(return status = 0) 
(return status = 0) 
(return status = 0) 
(return status = 0) 
(return status = 0) 
(return status = 0) 
(return status = 0) 
(return status = 0) 
(return status = 0) 
(return status = 0) 
(return status = 0) 
(return status = 0) 
(return status = 0) 
(return status = 0) 
(return status = 0) 
(return status = 0) 
(return status = 0) 
(return status = 0) 
(return status = 0) 
(return status = 0) 
(return status = 0) 
(return status = 0) 
(return status = 0) 
(return status = 0) 
(return status = 0) 
(return status = 0) 
(return status = 0) 
(return status = 0) 
(return status = 0) 
(return status = 0) 
(return status = 0) 
(return status = 0) 
(return status = 0) 
(return status = 0) 
(return status = 0) 
(return status = 0) 
(return status = 0) 
(return status = 0) 
(return status = 0) 
(return status = 0) 
(return status = 0) 
(return status = 0) 
(return status = 0) 
(return status = 0) 
(return status = 0) 
(return status = 0) 
(return status = 0) 
(return status = 0) 
(return status = 0) 
(return status = 0) 
(return status = 0) 
(return status = 0) 
(return status = 0) 
(return status = 0) 
(return status = 0) 
(return status = 0) 
(return status = 0) 
(return status = 0) 
(return status = 0) 
(return status = 0) 
(return status = 0) 
(return status = 0) 
(return status = 0) 
(return status = 0) 
(return status = 0) 
(return status = 0) 
(return status = 0) 
(return status = 0) 
(return status = 0) 
(return status = 0) 
(return status = 0) 
(return status = 0) 
(return status = 0) 
(return status = 0) 
(return status = 0) 
(return status = 0) 
(return status = 0) 
(return status = 0) 
(return status = 0) 
(return status = 0) 
(return status = 0) 
(return status = 0) 
(return status = 0) 
(return status = 0) 
(return status = 0) 
(return status = 0) 
(return status = 0) 
(return status = 0) 
(return status = 0) 
(return status = 0) 
(return status = 0) 
(return status = 0) 
(return status = 0) 
(return status = 0) 
(return status = 0) 
(return status = 0) 
(return status = 0) 
(return status = 0) 
(return status = 0) 
(return status = 0) 
(return status = 0) 
(return status = 0) 
(return status = 0) 
(return status = 0) 
(return status = 0) 
(return status = 0) 
(return status = 0) 
(return status = 0) 
(return status = 0) 
(return status = 0) 
(return status = 0) 
(return status = 0) 
(return status = 0) 
(return status = 0) 
(return status = 0) 
(return status = 0) 
(return status = 0) 
(return status = 0) 
(return status = 0) 
(return status = 0) 
(return status = 0) 
(return status = 0) 
(return status = 0) 
(return status = 0) 
(return status = 0) 
(return status = 0) 
(return status = 0) 
(return status = 0) 
(return status = 0) 
(return status = 0) 
(return status = 0) 
(return status = 0) 
(return status = 0) 
(return status = 0) 
(return status = 0) 
(return status = 0) 
(return status = 0) 
(return status = 0) 
(return status = 0) 
(return status = 0) 
(return status = 0) 
(return status = 0) 
(return status = 0) 
(return status = 0) 
(return status = 0) 
(return status = 0) 
(return status = 0) 
(return status = 0) 
(return status = 0) 
(return status = 0) 
(return status = 0) 
(return status = 0) 
(return status = 0) 
(return status = 0) 
(return status = 0) 
(return status = 0) 
(return status = 0) 
(return status = 0) 
(return status = 0) 
(return status = 0) 
(return status = 0) 
(return status = 0) 
(return status = 0) 
(return status = 0) 
(return status = 0) 
(return status = 0) 
(return status = 0) 
(return status = 0) 
(return status = 0) 
(return status = 0) 
(return status = 0) 
(return status = 0) 
(return status = 0) 
(return status = 0) 
(return status = 0) 
(return status = 0) 
(return status = 0) 
(return status = 0) 
(return status = 0) 
(return status = 0) 
(return status = 0) 
(return status = 0) 
(return status = 0) 
(return status = 0) 
(return status = 0) 
(return status = 0) 
(return status = 0) 
(return status = 0) 
(return status = 0) 
(return status = 0) 
(return status = 0) 
(return status = 0) 
(return status = 0) 
(return status = 0) 
(return status = 0) 
(return status = 0) 
(return status = 0) 
(return status = 0) 
(return status = 0) 
(return status = 0) 
(return status = 0) 
(return status = 0) 
(return status = 0) 
(return status = 0) 
(return status = 0) 
(return status = 0) 
(return status = 0) 
(return status = 0) 
(return status = 0) 
(return status = 0) 
(return status = 0) 
(return status = 0) 
(return status = 0) 
(return status = 0) 
(return status = 0) 
(return status = 0) 
(return status = 0) 
(return status = 0) 
(return status = 0) 
(return status = 0) 
(return status = 0) 
(return status = 0) 
(return status = 0) 
(return status = 0) 
(return status = 0) 
(return status = 0) 
(return status = 0) 
(return status = 0) 
(return status = 0) 
(return status = 0) 
(return status = 0) 
(return status = 0) 
(return status = 0) 
(return status = 0) 
(return status = 0) 
(return status = 0) 
(return status = 0) 
(return status = 0) 
(return status = 0) 
(return status = 0) 
(return status = 0) 
(return status = 0) 
(return status = 0) 
(return status = 0) 
(return status = 0) 
(return status = 0) 
(return status = 0) 
(return status = 0) 
(return status = 0) 
(return status = 0) 
(return status = 0) 
(return status = 0) 
(return status = 0) 
(return status = 0) 
(return status = 0) 
(return status = 0) 
(return status = 0) 
(return status = 0) 
(return status = 0) 
(return status = 0) 
(return status = 0) 
(return status = 0) 
(return status = 0) 
(return status = 0) 
(return status = 0) 
(return status = 0) 
(return status = 0) 
(return status = 0) 
(return status = 0) 
(return status = 0) 
(return status = 0) 
(return status = 0) 
(return status = 0) 
(return status = 0) 
(return status = 0) 
(return status = 0) 
(return status = 0) 
(return status = 0) 
(return status = 0) 
(return status = 0) 
(return status = 0) 
(return status = 0) 
(return status = 0) 
(return status = 0) 
(return status = 0) 
(return status = 0) 
(return status = 0) 
(return status = 0) 
(return status = 0) 
(return status = 0) 
(return status = 0) 
(return status = 0) 
(return status = 0) 
(return status = 0) 
(return status = 0) 
(return status = 0) 
(return status = 0) 
(return status = 0) 
(return status = 0) 
(return status = 0) 
(return status = 0) 
(return status = 0) 
(return status = 0) 
(return status = 0) 
(return status = 0) 
(return status = 0) 
(return status = 0) 
(return status = 0) 
(return status = 0) 
(return status = 0) 
(return status = 0) 
(return status = 0) 
(return status = 0) 
(return status = 0) 
(return status = 0) 
(return status = 0) 
(return status = 0) 
(return status = 0) 
(return status = 0) 
(return status = 0) 
(return status = 0) 
(return status = 0) 
(return status = 0) 
(return status = 0) 
(return status = 0) 
(return status = 0) 
(return status = 0) 
(return status = 0) 
(return status = 0) 
(return status = 0) 
(return status = 0) 
(return status = 0) 
(return status = 0) 
(return status = 0) 
(return status = 0) 
(return status = 0) 
(return status = 0) 
(return status = 0) 
(return status = 0) 
(return status = 0) 
(return status = 0) 
(return status = 0) 
(return status = 0) 
(return status = 0) 
(return status = 0) 
(return status = 0) 
(return status = 0) 
(return status = 0) 
(return status = 0) 
(return status = 0) 
(return status = 0) 
(return status = 0) 
(return status = 0) 
(return status = 0) 
(return status = 0) 
(return status = 0) 
(return status = 0) 
(return status = 0) 
(return status = 0) 
(return status = 0) 
(return status = 0) 
(return status = 0) 
(return status = 0) 
(return status = 0) 
(return status = 0) 
(return status = 0) 
(return status = 0) 
(return status = 0) 
(return status = 0) 
(return status = 0) 
(return status = 0) 
(return status = 0) 
(return status = 0) 
(return status = 0) 
(return status = 0) 
(return status = 0) 
(return status = 0) 
(return status = 0) 
(return status = 0) 
(return status = 0) 
(return status = 0) 
(return status = 0) 
(return status = 0) 
(return status = 0) 
(return status = 0) 
(return status = 0) 
(return status = 0) 
(return status = 0) 
(return status = 0) 
(return status = 0) 
(return status = 0) 
(return status = 0) 
(return status = 0) 
(return status = 0) 
(return status = 0) 
(return status = 0) 
(return status = 0) 
(return status = 0) 
(return status = 0) 
(return status = 0) 
(return status = 0) 
(return status = 0) 
(return status = 0) 
(return status = 0) 
(return status = 0) 
(return status = 0) 
(return status = 0) 
(return status = 0) 
(return status = 0) 
(return status = 0) 
(return status = 0) 
(return status = 0) 
(return status = 0) 
(return status = 0) 
(return status = 0) 
(return status = 0) 
(return status = 0) 
(return status = 0) 
(return status = 0) 
(return status = 0) 
(return status = 0) 
(return status = 0) 
(return status = 0) 
(return status = 0) 
(return status = 0) 
(return status = 0) 
(return status = 0) 
(return status = 0) 
(return status = 0) 
(return status = 0) 
(return status = 0) 
(return status = 0) 
(return status = 0) 
(return status = 0) 
(return status = 0) 
(return status = 0) 
(return status = 0) 
(return status = 0) 
(return status = 0) 
(return status = 0) 
(return status = 0) 
(return status = 0) 
(return status = 0) 
(return status = 0) 
(return status = 0) 
(return status = 0) 
(return status = 0) 
(return status = 0) 
(return status = 0) 
(return status = 0) 
(return status = 0) 
(return status = 0) 
(return status = 0) 
(return status = 0) 
(return status = 0) 
(return status = 0) 
(return status = 0) 
(return status = 0) 
(return status = 0) 
(return status = 0) 
(return status = 0) 
(return status = 0) 
(return status = 0) 
(return status = 0) 
(return status = 0) 
(return status = 0) 
(return status = 0) 
(return status = 0) 
(return status = 0) 
(return status = 0) 
(return status = 0) 
(return status = 0) 
(return status = 0) 
(return status = 0) 
(return status = 0) 
(return status = 0) 
(return status = 0) 
(return status = 0) 
(return status = 0) 
(return status = 0) 
(return status = 0) 
(return status = 0) 
(return status = 0) 
(return status = 0) 
(return status = 0) 
(return status = 0) 
(return status = 0) 
(return status = 0) 
(return status = 0) 
(return status = 0) 
(return status = 0) 
(return status = 0) 
(return status = 0) 
(return status = 0) 
(return status = 0) 
(return status = 0) 
(return status = 0) 
(return status = 0) 
(return status = 0) 
(return status = 0) 
(return status = 0) 
(return status = 0) 
(return status = 0) 
(return status = 0) 
(return status = 0) 
(return status = 0) 
(return status = 0) 
(return status = 0) 
(return status = 0) 
(return status = 0) 
(return status = 0) 
(return status = 0) 
(return status = 0) 
(return status = 0) 
(return status = 0) 
(return status = 0) 
(return status = 0) 
(return status = 0) 
(return status = 0) 
(return status = 0) 
(return status = 0) 
(return status = 0) 
(return status = 0) 
(return status = 0) 
(return status = 0) 
(return status = 0) 
(return status = 0) 
(return status = 0) 
(return status = 0) 
(return status = 0) 
(return status = 0) 
(return status = 0) 
(return status = 0) 
(return status = 0) 
(return status = 0) 
(return status = 0) 
(return status = 0) 
(return status = 0) 
(return status = 0) 
(return status = 0) 
(return status = 0) 
(return status = 0) 
(return status = 0) 
(return status = 0) 
(return status = 0) 
(return status = 0) 
(return status = 0) 
(return status = 0) 
(return status = 0) 
(return status = 0) 
(return status = 0) 
(return status = 0) 
(return status = 0) 
(return status = 0) 
(return status = 0) 
(return status = 0) 
(return status = 0) 
(return status = 0) 
(return status = 0) 
(return status = 0) 
(return status = 0) 
(return status = 0) 
(return status = 0) 
(return status = 0) 
(return status = 0) 
(return status = 0) 
(return status = 0) 
(return status = 0) 
(return status = 0) 
(return status = 0) 
(return status = 0) 
(return status = 0) 
(return status = 0) 
(return status = 0) 
(return status = 0) 
(return status = 0) 
(return status = 0) 
(return status = 0) 
(return status = 0) 
(return status = 0) 
(return status = 0) 
(return status = 0) 
(return status = 0) 
(return status = 0) 
(return status = 0) 
(return status = 0) 
(return status = 0) 
(return status = 0) 
(return status = 0) 
(return status = 0) 
(return status = 0) 
(return status = 0) 
(return status = 0) 
(return status = 0) 
(return status = 0) 
(return status = 0) 
(return status = 0) 
(return status = 0) 
(return status = 0) 
(return status = 0) 
(return status = 0) 
(return status = 0) 
(return status = 0) 
(return status = 0) 
(return status = 0) 
(return status = 0) 
(return status = 0) 
(return status = 0) 
(return status = 0) 
(return status = 0) 
(return status = 0) 
(return status = 0) 
(return status = 0) 
(return status = 0) 
(return status = 0) 
(return status = 0) 
(return status = 0) 
1> 
2> checkpoint
1> 
2> sp_rename MRK_Nomen, MRK_Nomen_Save
Object name has been changed.
(return status = 0) 
1> 
2> create table MRK_Nomen (
3>         _Nomen_key int not null,
4>         _Marker_Type_key int not null,
5>         _Marker_Status_key int not null,
6>         _Marker_Event_key int not null,
7>         _Marker_EventReason_key int not null,
8>         submittedBy varchar(30) not null,
9>         broadcastBy varchar(30) null,
10>         symbol varchar ( 25 ) not null,
11>         name varchar ( 255 ) not null,
12>         chromosome varchar ( 8 ) not null,
13>         humanSymbol varchar ( 25 ) null,
14>         statusNote varchar ( 255 ) null,
15>         broadcast_date datetime null,
16>         creation_date datetime not null,
17>         modification_date datetime not null 
18> )
1> 
2> insert MRK_Nomen
3> (_Nomen_key, _Marker_Type_key, _Marker_Status_key, _Marker_Event_key, _Marker_EventReason_key,
4> submittedBy, broadcastBy, symbol, name, chromosome, humanSymbol, statusNote,
5> broadcast_date, creation_date, modification_date)
6> select s._Nomen_key, s._Marker_Type_key, s._Marker_Status_key, s._Marker_Event_key, s._Marker_EventReason_key,
7> l1.name, l2.name, s.symbol, s.name, s.chromosome, s.humanSymbol, s.statusNote,
8> s.broadcast_date, s.creation_date, s.modification_date
9> from MRK_Nomen_Save s, master..syslogins l1, master..syslogins l2
10> where s._Suid_key = l1.suid
11> and s._Suid_broadcast_key *= l2.suid
(21882 rows affected)
1> 
2> /* defaults */
3> 
4> exec sp_bindefault current_date_default, "MRK_Nomen.creation_date"
Default bound to column.
(return status = 0) 
1> 
2> exec sp_bindefault current_date_default, "MRK_Nomen.modification_date"
Default bound to column.
(return status = 0) 
1> 
2> /* keys */
3> 
4> sp_primarykey MRK_Nomen, _Nomen_key
New primary key added.
(return status = 0) 
1> 
2> sp_foreignkey MRK_Nomen, MRK_Status, _Marker_Status_key
New foreign key added.
(return status = 0) 
1> 
2> /* indexes */
3> 
4> create unique clustered  index _Nomen_key_index on MRK_Nomen ( _Nomen_key )
1> 
2> create nonclustered  index _Marker_Event_index on MRK_Nomen ( _Marker_Event_key )
1> 
2> create nonclustered  index index_modification_date on MRK_Nomen ( modification_date )
1> 
2> create nonclustered  index _Marker_EventReason_key_index on MRK_Nomen ( _Marker_EventReason_key )
1> 
2> create nonclustered  index _Marker_Status_key_Index on MRK_Nomen ( _Marker_Status_key )
1> 
2> create nonclustered  index submittedBy_index on MRK_Nomen ( submittedBy )
1> 
2> create nonclustered  index broadcastBy_index on MRK_Nomen ( broadcastBy )
1> 
2> create nonclustered  index _Marker_Type_Index on MRK_Nomen ( _Marker_Type_key )
1> 
2> create nonclustered  index index_symbol on MRK_Nomen ( symbol )
1> 
2> create nonclustered  index index_chromosome on MRK_Nomen ( chromosome )
1> 
2> create nonclustered  index index_broadcast_date on MRK_Nomen ( broadcast_date )
1> 
2> /* permissions */
3> 
4> grant all on MRK_Nomen to dbradt, djr, dph, lhg, ljm, lmm, rmb, sr, tc, tier2, tier3, tier4
5> 
1> 
2> grant select on MRK_Nomen to public
1> 
2> /* remove when migrating to production */
3> 
4> grant all on MRK_Nomen to progs
1> 
2> drop table MRK_Nomen_Save
1> 
2> checkpoint
Mon Oct 16 11:45:31 EDT 2000
